<?xml version="1.0" encoding="UTF-8"?>
<!-- Generated by org.testng.reporters.JUnitReportReporter -->
<testsuite hostname="Kajal-PC" name="test.SanityTest" tests="4" failures="0" timestamp="16 Apr 2020 07:19:36 GMT" time="5.826" errors="0">
  <testcase name="gotoInsurancePage" time="3.006" classname="test.SanityTest"/>
  <testcase name="login" time="2.687" classname="test.SanityTest"/>
  <testcase name="test_MainPage_Check" time="0.105" classname="test.SanityTest"/>
  <testcase name="VerifyLogin" time="0.028" classname="test.SanityTest"/>
</testsuite> <!-- test.SanityTest -->
