<?xml version="1.0" encoding="UTF-8"?>
<!-- Generated by org.testng.reporters.JUnitReportReporter -->
<testsuite hostname="Kajal-PC" name="test.NewTest" tests="1" failures="0" timestamp="14 Apr 2020 15:23:48 GMT" time="3.267" errors="0">
  <testcase name="test_Home_Page_Appear_Correct" time="3.267" classname="test.NewTest"/>
</testsuite> <!-- test.NewTest -->
