<?xml version="1.0" encoding="UTF-8"?>
<!-- Generated by org.testng.reporters.JUnitReportReporter -->
<testsuite hostname="Kajal-PC" name="test.SanityTest" tests="3" failures="0" timestamp="14 Apr 2020 15:28:39 GMT" time="5.727" errors="0">
  <testcase name="AfterLogin" time="0.043" classname="test.SanityTest"/>
  <testcase name="test_MainPage_Check" time="0.200" classname="test.SanityTest"/>
  <testcase name="login" time="5.484" classname="test.SanityTest"/>
</testsuite> <!-- test.SanityTest -->
