<?xml version="1.0" encoding="UTF-8"?>
<!-- Generated by org.testng.reporters.JUnitReportReporter -->
<testsuite skipped="0" hostname="Kajal-PC" name="testSuite.SanityTest" tests="3" failures="0" timestamp="02 Jun 2020 15:03:46 GMT" time="4.215" errors="0">
  <testcase name="test1_HomePage" time="0.245" classname="testSuite.SanityTest"/>
  <testcase name="test2_login" time="3.904" classname="testSuite.SanityTest"/>
  <testcase name="test3_VerifyLogin" time="0.066" classname="testSuite.SanityTest"/>
</testsuite> <!-- testSuite.SanityTest -->
