<?xml version="1.0" encoding="UTF-8"?>
<!-- Generated by org.testng.reporters.JUnitReportReporter -->
<testsuite skipped="0" hostname="Kajal-PC" name="SanityTest" tests="3" failures="0" timestamp="02 Jun 2020 13:30:27 GMT" time="13.803" errors="0">
  <testcase name="test1_HomePage" time="0.756" classname="SanityTest"/>
  <testcase name="test2_login" time="12.990" classname="SanityTest"/>
  <testcase name="test3_VerifyLogin" time="0.057" classname="SanityTest"/>
</testsuite> <!-- SanityTest -->
